<?xml version="1.0" encoding="UTF-8"?>
<!-- Generated by org.testng.reporters.JUnitXMLReporter -->
<testsuite ignored="0" hostname="PC089" failures="0" tests="6" name="Surefire test" time="0.077" errors="0" timestamp="2022-06-06T08:50:17 GST">
  <testcase classname="qaclickacademy.MavenJava.APITest" name="deleteTwitter on deleteTwitter(qaclickacademy.MavenJava.APITest)" time="0.01"/>
  <testcase classname="qaclickacademy.MavenJava.APITest" name="postJira on postJira(qaclickacademy.MavenJava.APITest)" time="0.008"/>
  <testcase classname="qaclickacademy.MavenJava.AppiumTest" name="iOSApp on iOSApp(qaclickacademy.MavenJava.AppiumTest)" time="0.001"/>
  <testcase classname="qaclickacademy.MavenJava.AppiumTest" name="nativeAppAndroid on nativeAppAndroid(qaclickacademy.MavenJava.AppiumTest)" time="0.001"/>
  <testcase classname="qaclickacademy.MavenJava.SeleniumTest" name="elementsUI on elementsUI(qaclickacademy.MavenJava.SeleniumTest)" time="0.001"/>
  <testcase classname="qaclickacademy.MavenJava.SeleniumTest" name="browserAutomation on browserAutomation(qaclickacademy.MavenJava.SeleniumTest)" time="0.002"/>
</testsuite> <!-- Surefire test -->
