<?xml version="1.0" encoding="UTF-8"?>
<testng-results ignored="0" total="6" passed="6" failed="0" skipped="0">
  <reporter-output>
  </reporter-output>
  <suite started-at="2022-06-06T08:50:17 GST" name="Surefire suite" finished-at="2022-06-06T08:50:17 GST" duration-ms="77">
    <groups>
    </groups>
    <test started-at="2022-06-06T08:50:17 GST" name="Surefire test" finished-at="2022-06-06T08:50:17 GST" duration-ms="77">
      <class name="qaclickacademy.MavenJava.SeleniumTest">
        <test-method signature="elementsUI()" started-at="2022-06-06T08:50:17 GST" name="elementsUI" finished-at="2022-06-06T08:50:17 GST" duration-ms="1" status="PASS">
          <reporter-output>
          </reporter-output>
        </test-method> <!-- elementsUI -->
        <test-method signature="browserAutomation()" started-at="2022-06-06T08:50:17 GST" name="browserAutomation" finished-at="2022-06-06T08:50:17 GST" duration-ms="2" status="PASS">
          <reporter-output>
          </reporter-output>
        </test-method> <!-- browserAutomation -->
      </class> <!-- qaclickacademy.MavenJava.SeleniumTest -->
      <class name="qaclickacademy.MavenJava.APITest">
        <test-method signature="deleteTwitter()" started-at="2022-06-06T08:50:17 GST" name="deleteTwitter" finished-at="2022-06-06T08:50:17 GST" duration-ms="10" status="PASS">
          <reporter-output>
          </reporter-output>
        </test-method> <!-- deleteTwitter -->
        <test-method signature="postJira()" started-at="2022-06-06T08:50:17 GST" name="postJira" finished-at="2022-06-06T08:50:17 GST" duration-ms="8" status="PASS">
          <reporter-output>
          </reporter-output>
        </test-method> <!-- postJira -->
      </class> <!-- qaclickacademy.MavenJava.APITest -->
      <class name="qaclickacademy.MavenJava.AppiumTest">
        <test-method signature="nativeAppAndroid()" started-at="2022-06-06T08:50:17 GST" name="nativeAppAndroid" finished-at="2022-06-06T08:50:17 GST" duration-ms="1" status="PASS">
          <reporter-output>
          </reporter-output>
        </test-method> <!-- nativeAppAndroid -->
        <test-method signature="iOSApp()" started-at="2022-06-06T08:50:17 GST" name="iOSApp" finished-at="2022-06-06T08:50:17 GST" duration-ms="1" status="PASS">
          <reporter-output>
          </reporter-output>
        </test-method> <!-- iOSApp -->
      </class> <!-- qaclickacademy.MavenJava.AppiumTest -->
    </test> <!-- Surefire test -->
  </suite> <!-- Surefire suite -->
</testng-results>
