<?xml version="1.0" encoding="UTF-8"?>
<testsuite xmlns:xsi="http://www.w3.org/2001/XMLSchema-instance" xsi:noNamespaceSchemaLocation="https://maven.apache.org/surefire/maven-surefire-plugin/xsd/surefire-test-report.xsd" name="TestSuite" time="0.997" tests="6" errors="0" skipped="0" failures="0">
  <properties>
[...]
</properties>
  <testcase name="deleteTwitter on deleteTwitter(qaclickacademy.MavenJava.APITest)" classname="qaclickacademy.MavenJava.APITest" time="0.002"/>
  <testcase name="postJira on postJira(qaclickacademy.MavenJava.APITest)" classname="qaclickacademy.MavenJava.APITest" time="0.001"/>
  <testcase name="iOSApp on iOSApp(qaclickacademy.MavenJava.AppiumTest)" classname="qaclickacademy.MavenJava.AppiumTest" time="0.001"/>
  <testcase name="nativeAppAndroid on nativeAppAndroid(qaclickacademy.MavenJava.AppiumTest)" classname="qaclickacademy.MavenJava.AppiumTest" time="0"/>
  <testcase name="elementsUI on elementsUI(qaclickacademy.MavenJava.SeleniumTest)" classname="qaclickacademy.MavenJava.SeleniumTest" time="0.001"/>
  <testcase name="browserAutomation on browserAutomation(qaclickacademy.MavenJava.SeleniumTest)" classname="qaclickacademy.MavenJava.SeleniumTest" time="0"/>
</testsuite>